Traceback (most recent call last):
  File "/opt/hostedtoolcache/Python/3.10.17/x64/lib/python3.10/site-packages/jupyter_core/utils/__init__.py", line 154, in wrapped
    asyncio.get_running_loop()
RuntimeError: no running event loop

During handling of the above exception, another exception occurred:

Traceback (most recent call last):
  File "/opt/hostedtoolcache/Python/3.10.17/x64/lib/python3.10/site-packages/jupyter_cache/executors/utils.py", line 58, in single_nb_execution
    executenb(
  File "/opt/hostedtoolcache/Python/3.10.17/x64/lib/python3.10/site-packages/nbclient/client.py", line 1319, in execute
    return NotebookClient(nb=nb, resources=resources, km=km, **kwargs).execute()
  File "/opt/hostedtoolcache/Python/3.10.17/x64/lib/python3.10/site-packages/jupyter_core/utils/__init__.py", line 158, in wrapped
    return loop.run_until_complete(inner)
  File "/opt/hostedtoolcache/Python/3.10.17/x64/lib/python3.10/asyncio/base_events.py", line 649, in run_until_complete
    return future.result()
  File "/opt/hostedtoolcache/Python/3.10.17/x64/lib/python3.10/site-packages/nbclient/client.py", line 709, in async_execute
    await self.async_execute_cell(
  File "/opt/hostedtoolcache/Python/3.10.17/x64/lib/python3.10/site-packages/nbclient/client.py", line 1062, in async_execute_cell
    await self._check_raise_for_error(cell, cell_index, exec_reply)
  File "/opt/hostedtoolcache/Python/3.10.17/x64/lib/python3.10/site-packages/nbclient/client.py", line 918, in _check_raise_for_error
    raise CellExecutionError.from_cell_and_msg(cell, exec_reply_content)
nbclient.exceptions.CellExecutionError: An error occurred while executing the following cell:
------------------
def poly_year(x, a, b, c):
    return a * (x + b)**2 + c

x, y = None, None

# curve fitting
from scipy.optimize import curve_fit
popt, _ = curve_fit(poly_year, x, y)

# summarize the parameter values
a, b, c = popt
print('y = %.5f * (x + %.5f)**2 + %.5f' % (a, b, c))
------------------


[0;31m---------------------------------------------------------------------------[0m
[0;31mValueError[0m                                Traceback (most recent call last)
Cell [0;32mIn[2], line 8[0m
[1;32m      6[0m [38;5;66;03m# curve fitting[39;00m
[1;32m      7[0m [38;5;28;01mfrom[39;00m[38;5;250m [39m[38;5;21;01mscipy[39;00m[38;5;21;01m.[39;00m[38;5;21;01moptimize[39;00m[38;5;250m [39m[38;5;28;01mimport[39;00m curve_fit
[0;32m----> 8[0m popt, _ [38;5;241m=[39m [43mcurve_fit[49m[43m([49m[43mpoly_year[49m[43m,[49m[43m [49m[43mx[49m[43m,[49m[43m [49m[43my[49m[43m)[49m
[1;32m     10[0m [38;5;66;03m# summarize the parameter values[39;00m
[1;32m     11[0m a, b, c [38;5;241m=[39m popt

File [0;32m/opt/hostedtoolcache/Python/3.10.17/x64/lib/python3.10/site-packages/scipy/optimize/_minpack_py.py:930[0m, in [0;36mcurve_fit[0;34m(f, xdata, ydata, p0, sigma, absolute_sigma, check_finite, bounds, method, jac, full_output, nan_policy, **kwargs)[0m
[1;32m    928[0m [38;5;66;03m# optimization may produce garbage for float32 inputs, cast them to float64[39;00m
[1;32m    929[0m [38;5;28;01mif[39;00m check_finite:
[0;32m--> 930[0m     ydata [38;5;241m=[39m [43mnp[49m[38;5;241;43m.[39;49m[43masarray_chkfinite[49m[43m([49m[43mydata[49m[43m,[49m[43m [49m[38;5;28;43mfloat[39;49m[43m)[49m
[1;32m    931[0m [38;5;28;01melse[39;00m:
[1;32m    932[0m     ydata [38;5;241m=[39m np[38;5;241m.[39masarray(ydata, [38;5;28mfloat[39m)

File [0;32m/opt/hostedtoolcache/Python/3.10.17/x64/lib/python3.10/site-packages/numpy/lib/_function_base_impl.py:646[0m, in [0;36masarray_chkfinite[0;34m(a, dtype, order)[0m
[1;32m    644[0m a [38;5;241m=[39m asarray(a, dtype[38;5;241m=[39mdtype, order[38;5;241m=[39morder)
[1;32m    645[0m [38;5;28;01mif[39;00m a[38;5;241m.[39mdtype[38;5;241m.[39mchar [38;5;129;01min[39;00m typecodes[[38;5;124m'[39m[38;5;124mAllFloat[39m[38;5;124m'[39m] [38;5;129;01mand[39;00m [38;5;129;01mnot[39;00m np[38;5;241m.[39misfinite(a)[38;5;241m.[39mall():
[0;32m--> 646[0m     [38;5;28;01mraise[39;00m [38;5;167;01mValueError[39;00m(
[1;32m    647[0m         [38;5;124m"[39m[38;5;124marray must not contain infs or NaNs[39m[38;5;124m"[39m)
[1;32m    648[0m [38;5;28;01mreturn[39;00m a

[0;31mValueError[0m: array must not contain infs or NaNs

